#-----------------------------------------------------------
# Vivado v2023.2 (64-bit)
# SW Build 4029153 on Fri Oct 13 20:14:34 MDT 2023
# IP Build 4028589 on Sat Oct 14 00:45:43 MDT 2023
# SharedData Build 4025554 on Tue Oct 10 17:18:54 MDT 2023
# Start of session at: Wed Apr  1 13:48:57 2026
# Process ID: 21324
# Current directory: C:/Users/jinguye/Desktop/Computer-Architecture/Lab 2/Lab2_Vivado/lab2
# Command line: vivado.exe -gui_launcher_event rodinguilauncherevent3432 C:\Users\jinguye\Desktop\Computer-Architecture\Lab 2\Lab2_Vivado\lab2\lab2.xpr
# Log file: C:/Users/jinguye/Desktop/Computer-Architecture/Lab 2/Lab2_Vivado/lab2/vivado.log
# Journal file: C:/Users/jinguye/Desktop/Computer-Architecture/Lab 2/Lab2_Vivado/lab2\vivado.jou
# Running On: CEAT-ENDV350-03, OS: Windows, CPU Frequency: 2496 MHz, CPU Physical cores: 8, Host memory: 68426 MB
#-----------------------------------------------------------
start_gui
open_project {C:/Users/jinguye/Desktop/Computer-Architecture/Lab 2/Lab2_Vivado/lab2/lab2.xpr}
WARNING: [Board 49-26] cannot add Board Part xilinx.com:vek280_es:part0:1.0 available at C:/Xilinx/Vivado/2023.2/data/xhub/boards/XilinxBoardStore/boards/Xilinx/vek280/es/rev_a/1.0/board.xml as part xcve2802-vsvh1760-2lp-e-s-es1 specified in board_part file is either invalid or not available
WARNING: [Board 49-26] cannot add Board Part xilinx.com:vek280_es:part0:1.1 available at C:/Xilinx/Vivado/2023.2/data/xhub/boards/XilinxBoardStore/boards/Xilinx/vek280/es/rev_a/1.1/board.xml as part xcve2802-vsvh1760-2lp-e-s-es1 specified in board_part file is either invalid or not available
WARNING: [Board 49-26] cannot add Board Part xilinx.com:vek280_es_revb:part0:1.0 available at C:/Xilinx/Vivado/2023.2/data/xhub/boards/XilinxBoardStore/boards/Xilinx/vek280/es/rev_b/1.0/board.xml as part xcve2802-vsvh1760-2mp-e-s-es1 specified in board_part file is either invalid or not available
WARNING: [Board 49-26] cannot add Board Part xilinx.com:vek280_es_revb:part0:1.1 available at C:/Xilinx/Vivado/2023.2/data/xhub/boards/XilinxBoardStore/boards/Xilinx/vek280/es/rev_b/1.1/board.xml as part xcve2802-vsvh1760-2mp-e-s-es1 specified in board_part file is either invalid or not available
WARNING: [Board 49-26] cannot add Board Part xilinx.com:vhk158_es:part0:1.0 available at C:/Xilinx/Vivado/2023.2/data/xhub/boards/XilinxBoardStore/boards/Xilinx/vhk158/es/1.0/board.xml as part xcvh1582-vsva3697-2mp-e-s-es1 specified in board_part file is either invalid or not available
WARNING: [Board 49-26] cannot add Board Part xilinx.com:vhk158_es:part0:1.1 available at C:/Xilinx/Vivado/2023.2/data/xhub/boards/XilinxBoardStore/boards/Xilinx/vhk158/es/1.1/board.xml as part xcvh1582-vsva3697-2mp-e-s-es1 specified in board_part file is either invalid or not available
WARNING: [Board 49-26] cannot add Board Part xilinx.com:zcu208ld:part0:2.0 available at C:/Xilinx/Vivado/2023.2/data/xhub/boards/XilinxBoardStore/boards/Xilinx/zcu208ld/production/2.0/board.xml as part xczu58dr-fsvg1517-2-i specified in board_part file is either invalid or not available
WARNING: [Board 49-26] cannot add Board Part xilinx.com:zcu216ld:part0:2.0 available at C:/Xilinx/Vivado/2023.2/data/xhub/boards/XilinxBoardStore/boards/Xilinx/zcu216ld/production/2.0/board.xml as part xczu59dr-ffvf1760-2-i specified in board_part file is either invalid or not available
WARNING: [Board 49-26] cannot add Board Part xilinx.com:zcu670:part0:2.0 available at C:/Xilinx/Vivado/2023.2/data/xhub/boards/XilinxBoardStore/boards/Xilinx/zcu670/2.0/board.xml as part xczu67dr-fsve1156-2-i specified in board_part file is either invalid or not available
WARNING: [Board 49-26] cannot add Board Part xilinx.com:zcu670ld:part0:1.0 available at C:/Xilinx/Vivado/2023.2/data/xhub/boards/XilinxBoardStore/boards/Xilinx/zcu670ld/1.0/board.xml as part xczu57dr-fsve1156-2-i specified in board_part file is either invalid or not available
Scanning sources...
Finished scanning sources
INFO: [IP_Flow 19-234] Refreshing IP repositories
INFO: [IP_Flow 19-1700] Loaded user IP repository 'c:/Users/jinguye/Desktop/Computer-Architecture/Lab 2/Lab2_Vivado/lab2/lab2.ipdefs/ip_repo_BAK_0_0_0'.
INFO: [IP_Flow 19-2313] Loaded Vivado IP repository 'C:/Xilinx/Vivado/2023.2/data/ip'.
open_project: Time (s): cpu = 00:00:21 ; elapsed = 00:00:10 . Memory (MB): peak = 1615.449 ; gain = 328.371
update_compile_order -fileset sources_1
add_files -norecurse {{C:/Users/jinguye/Desktop/Computer-Architecture/Lab 2/Lab2_Vivado/riscv_single.sv}}
WARNING: [filemgmt 56-12] File 'C:/Users/jinguye/Desktop/Computer-Architecture/Lab 2/Lab2_Vivado/riscv_single.sv' cannot be added to the project because it already exists in the project, skipping this file
generate_target all [get_files  {{C:/Users/jinguye/Desktop/Computer-Architecture/Lab 2/Lab2_Vivado/lab2/lab2.srcs/sources_1/bd/design_1/design_1.bd}}]
INFO: [BD 41-1637] Generated targets are already up-to-date for block design 'design_1' - hence not re-generating.
export_ip_user_files -of_objects [get_files {{C:/Users/jinguye/Desktop/Computer-Architecture/Lab 2/Lab2_Vivado/lab2/lab2.srcs/sources_1/bd/design_1/design_1.bd}}] -no_script -sync -force -quiet
create_ip_run [get_files -of_objects [get_fileset sources_1] {{C:/Users/jinguye/Desktop/Computer-Architecture/Lab 2/Lab2_Vivado/lab2/lab2.srcs/sources_1/bd/design_1/design_1.bd}}]
export_simulation -of_objects [get_files {{C:/Users/jinguye/Desktop/Computer-Architecture/Lab 2/Lab2_Vivado/lab2/lab2.srcs/sources_1/bd/design_1/design_1.bd}}] -directory {C:/Users/jinguye/Desktop/Computer-Architecture/Lab 2/Lab2_Vivado/lab2/lab2.ip_user_files/sim_scripts} -ip_user_files_dir {C:/Users/jinguye/Desktop/Computer-Architecture/Lab 2/Lab2_Vivado/lab2/lab2.ip_user_files} -ipstatic_source_dir {C:/Users/jinguye/Desktop/Computer-Architecture/Lab 2/Lab2_Vivado/lab2/lab2.ip_user_files/ipstatic} -lib_map_path [list {modelsim=C:/Users/jinguye/Desktop/Computer-Architecture/Lab 2/Lab2_Vivado/lab2/lab2.cache/compile_simlib/modelsim} {questa=C:/Users/jinguye/Desktop/Computer-Architecture/Lab 2/Lab2_Vivado/lab2/lab2.cache/compile_simlib/questa} {riviera=C:/Users/jinguye/Desktop/Computer-Architecture/Lab 2/Lab2_Vivado/lab2/lab2.cache/compile_simlib/riviera} {activehdl=C:/Users/jinguye/Desktop/Computer-Architecture/Lab 2/Lab2_Vivado/lab2/lab2.cache/compile_simlib/activehdl}] -use_ip_compiled_libs -force -quiet
reset_run synth_1
WARNING: [Vivado 12-1017] Problems encountered:
1. Failed to delete one or more files in run directory C:/Users/jinguye/Desktop/Computer-Architecture/Lab 2/Lab2_Vivado/lab2/lab2.runs/synth_1

launch_runs synth_1 -jobs 8
